<?xml version="1.0" encoding="UTF-8"?>
<testng-results ignored="0" total="3" passed="3" failed="0" skipped="0">
  <reporter-output>
  </reporter-output>
  <suite started-at="2024-04-22T17:14:39 SAST" name="Default Suite" finished-at="2024-04-22T17:14:43 SAST" duration-ms="3572">
    <groups>
    </groups>
    <test started-at="2024-04-22T17:14:39 SAST" name="API_Restassured" finished-at="2024-04-22T17:14:43 SAST" duration-ms="3572">
      <class name="APITests">
        <test-method signature="Verify_Get_3rd_movie_and_director_is_RichardMarquand()[pri:0, instance:APITests@419c5f1a]" started-at="2024-04-22T17:14:39 SAST" name="Verify_Get_3rd_movie_and_director_is_RichardMarquand" finished-at="2024-04-22T17:14:42 SAST" duration-ms="2485" status="PASS">
          <reporter-output>
          </reporter-output>
        </test-method> <!-- Verify_Get_3rd_movie_and_director_is_RichardMarquand -->
        <test-method signature="Verify_Get_5th_movie_and_Producers_are_not_GaryKurtz_GeorgeLucas()[pri:0, instance:APITests@419c5f1a]" started-at="2024-04-22T17:14:42 SAST" name="Verify_Get_5th_movie_and_Producers_are_not_GaryKurtz_GeorgeLucas" finished-at="2024-04-22T17:14:42 SAST" duration-ms="523" status="PASS">
          <reporter-output>
          </reporter-output>
        </test-method> <!-- Verify_Get_5th_movie_and_Producers_are_not_GaryKurtz_GeorgeLucas -->
        <test-method signature="Verify_Get_list_of_movies_and_check_if_the_movies_count_is_6()[pri:0, instance:APITests@419c5f1a]" started-at="2024-04-22T17:14:42 SAST" name="Verify_Get_list_of_movies_and_check_if_the_movies_count_is_6" finished-at="2024-04-22T17:14:43 SAST" duration-ms="524" status="PASS">
          <reporter-output>
          </reporter-output>
        </test-method> <!-- Verify_Get_list_of_movies_and_check_if_the_movies_count_is_6 -->
      </class> <!-- APITests -->
    </test> <!-- API_Restassured -->
  </suite> <!-- Default Suite -->
</testng-results>
